<?xml version="1.0" encoding="UTF-8"?>
<testng-results ignored="0" total="2" passed="2" failed="0" skipped="0">
  <reporter-output>
  </reporter-output>
  <suite started-at="2023-12-11T08:31:10 IST" name="Default suite" finished-at="2023-12-11T08:33:58 IST" duration-ms="168390">
    <groups>
      <group name="cucumber">
        <method signature="AbstractTestNGCucumberTests.runScenario(io.cucumber.testng.PickleWrapper,io.cucumber.testng.FeatureWrapper)[pri:0, instance:com.runner.CucumberRunnerTests@58e1d9d]" name="runScenario" class="io.cucumber.testng.AbstractTestNGCucumberTests"/>
      </group> <!-- cucumber -->
    </groups>
    <test started-at="2023-12-11T08:31:10 IST" name="Default test" finished-at="2023-12-11T08:33:58 IST" duration-ms="168390">
      <class name="com.runner.CucumberRunnerTests">
        <test-method is-config="true" signature="setUpClass(org.testng.ITestContext)[pri:0, instance:com.runner.CucumberRunnerTests@58e1d9d]" started-at="2023-12-11T08:31:10 IST" name="setUpClass" finished-at="2023-12-11T08:31:10 IST" duration-ms="186" status="PASS">
          <params>
            <param index="0">
              <value>
                <![CDATA[org.testng.TestRunner@4153d05]]>
              </value>
            </param>
          </params>
          <reporter-output>
          </reporter-output>
        </test-method> <!-- setUpClass -->
        <test-method signature="runScenario(io.cucumber.testng.PickleWrapper,io.cucumber.testng.FeatureWrapper)[pri:0, instance:com.runner.CucumberRunnerTests@58e1d9d]" started-at="2023-12-11T08:31:10 IST" name="runScenario" description="Runs Cucumber Scenarios" data-provider="scenarios" finished-at="2023-12-11T08:33:36 IST" duration-ms="146120" status="PASS">
          <params>
            <param index="0">
              <value>
                <![CDATA["Get All Jacket details"]]>
              </value>
            </param>
            <param index="1">
              <value>
                <![CDATA["Core Product features"]]>
              </value>
            </param>
          </params>
          <reporter-output>
          </reporter-output>
        </test-method> <!-- runScenario -->
        <test-method signature="runScenario(io.cucumber.testng.PickleWrapper,io.cucumber.testng.FeatureWrapper)[pri:0, instance:com.runner.CucumberRunnerTests@58e1d9d]" started-at="2023-12-11T08:33:36 IST" name="runScenario" description="Runs Cucumber Scenarios" data-provider="scenarios" finished-at="2023-12-11T08:33:58 IST" duration-ms="21933" status="PASS">
          <params>
            <param index="0">
              <value>
                <![CDATA["Get All Video Feeds counts and Video Feeds counts more than days"]]>
              </value>
            </param>
            <param index="1">
              <value>
                <![CDATA["Core Product features"]]>
              </value>
            </param>
          </params>
          <reporter-output>
          </reporter-output>
        </test-method> <!-- runScenario -->
        <test-method is-config="true" signature="tearDownClass()[pri:0, instance:com.runner.CucumberRunnerTests@58e1d9d]" started-at="2023-12-11T08:33:58 IST" name="tearDownClass" finished-at="2023-12-11T08:33:58 IST" duration-ms="15" status="PASS">
          <reporter-output>
          </reporter-output>
        </test-method> <!-- tearDownClass -->
      </class> <!-- com.runner.CucumberRunnerTests -->
    </test> <!-- Default test -->
  </suite> <!-- Default suite -->
</testng-results>
